<?xml version="1.0" encoding="UTF-8"?>
<!-- Generated by org.testng.reporters.JUnitXMLReporter -->
<testsuite hostname="8MXHL12" ignored="0" name="Default test" tests="3" failures="0" timestamp="2020-02-27T01:39:25 CST" time="45.696" errors="0">
  <testcase name="AddTextToVerifyTextPosted" time="9.114" classname="test.QuickDraftTest"/>
  <testcase name="validUserShouldBeAbleToLogin" time="4.215" classname="test.LoginTest"/>
  <testcase name="invalidUserShouldNotBeAbleToLogin" time="6.575" classname="test.LoginTest"/>
</testsuite> <!-- Default test -->
