<?xml version="1.0" encoding="UTF-8"?>
<testng-results skipped="0" failed="0" ignored="0" total="3" passed="3">
  <reporter-output>
  </reporter-output>
  <suite name="Default suite" duration-ms="45696" started-at="2020-02-27T01:38:40 CST" finished-at="2020-02-27T01:39:25 CST">
    <groups>
    </groups>
    <test name="Default test" duration-ms="45696" started-at="2020-02-27T01:38:40 CST" finished-at="2020-02-27T01:39:25 CST">
      <class name="test.LoginTest">
        <test-method status="PASS" signature="launchBrowser()[pri:0, instance:test.LoginTest@3439f68d]" name="launchBrowser" is-config="true" duration-ms="6589" started-at="2020-02-27T01:38:59 CST" finished-at="2020-02-27T01:39:05 CST">
          <reporter-output>
          </reporter-output>
        </test-method> <!-- launchBrowser -->
        <test-method status="PASS" signature="validUserShouldBeAbleToLogin()[pri:1, instance:test.LoginTest@3439f68d]" name="validUserShouldBeAbleToLogin" duration-ms="4215" started-at="2020-02-27T01:39:05 CST" finished-at="2020-02-27T01:39:09 CST">
          <reporter-output>
          </reporter-output>
        </test-method> <!-- validUserShouldBeAbleToLogin -->
        <test-method status="PASS" signature="close()[pri:0, instance:test.LoginTest@3439f68d]" name="close" is-config="true" duration-ms="842" started-at="2020-02-27T01:39:09 CST" finished-at="2020-02-27T01:39:10 CST">
          <reporter-output>
          </reporter-output>
        </test-method> <!-- close -->
        <test-method status="PASS" signature="launchBrowser()[pri:0, instance:test.LoginTest@3439f68d]" name="launchBrowser" is-config="true" duration-ms="6504" started-at="2020-02-27T01:39:10 CST" finished-at="2020-02-27T01:39:17 CST">
          <reporter-output>
          </reporter-output>
        </test-method> <!-- launchBrowser -->
        <test-method status="PASS" signature="invalidUserShouldNotBeAbleToLogin()[pri:2, instance:test.LoginTest@3439f68d]" name="invalidUserShouldNotBeAbleToLogin" duration-ms="6575" started-at="2020-02-27T01:39:17 CST" finished-at="2020-02-27T01:39:23 CST">
          <reporter-output>
          </reporter-output>
        </test-method> <!-- invalidUserShouldNotBeAbleToLogin -->
        <test-method status="PASS" signature="close()[pri:0, instance:test.LoginTest@3439f68d]" name="close" is-config="true" duration-ms="2045" started-at="2020-02-27T01:39:23 CST" finished-at="2020-02-27T01:39:25 CST">
          <reporter-output>
          </reporter-output>
        </test-method> <!-- close -->
      </class> <!-- test.LoginTest -->
      <class name="test.QuickDraftTest">
        <test-method status="PASS" signature="launchBrowser()[pri:0, instance:test.QuickDraftTest@dbd940d]" name="launchBrowser" is-config="true" duration-ms="8271" started-at="2020-02-27T01:38:40 CST" finished-at="2020-02-27T01:38:48 CST">
          <reporter-output>
          </reporter-output>
        </test-method> <!-- launchBrowser -->
        <test-method status="PASS" signature="AddTextToVerifyTextPosted()[pri:0, instance:test.QuickDraftTest@dbd940d]" name="AddTextToVerifyTextPosted" duration-ms="9114" started-at="2020-02-27T01:38:48 CST" finished-at="2020-02-27T01:38:57 CST">
          <reporter-output>
          </reporter-output>
        </test-method> <!-- AddTextToVerifyTextPosted -->
        <test-method status="PASS" signature="close()[pri:0, instance:test.QuickDraftTest@dbd940d]" name="close" is-config="true" duration-ms="1466" started-at="2020-02-27T01:38:57 CST" finished-at="2020-02-27T01:38:59 CST">
          <reporter-output>
          </reporter-output>
        </test-method> <!-- close -->
      </class> <!-- test.QuickDraftTest -->
    </test> <!-- Default test -->
  </suite> <!-- Default suite -->
</testng-results>
